root - INFO - anchor dialgo is hiding now
root - INFO - anchor dialgo is hiding now
root - INFO - anchor dialgo is hiding now
root - INFO - anchor dialgo is hiding now
root - INFO - anchor dialgo is hiding now
root - INFO - anchor dialgo is hiding now
root - INFO - anchor dialgo is hiding now
root - INFO - anchor dialgo is hiding now
root - INFO - anchor dialgo is hiding now
root - INFO - anchor dialgo is hiding now
root - INFO - anchor dialgo is hiding now
root - INFO - anchor url is :D:\upwork\indian\pyqt-floating\ProjectsForStudent\MSPaint Thurs\1138.png
root - INFO - threshold value is: 0.8, and scale value is : 1.0
root - INFO - Oh cool find the matching image
root - INFO - click point pos  is : 110, 14
root - INFO - anchor dialog is moving to 475, 85
root - INFO - anchor dialog is resizing to 316, 125
root - INFO - anchor dialgo is showing now
root - INFO - anchor dialgo is hiding now
root - INFO - anchor dialgo is showing now
root - INFO - anchor dialgo is hiding now
